<html>
<head>
<title>TestNG:  AnchorsTest</title>
<link href="../testng.css" rel="stylesheet" type="text/css" />
<link href="../my-testng.css" rel="stylesheet" type="text/css" />

<style type="text/css">
.log { display: none;} 
.stack-trace { display: none;} 
</style>
<script type="text/javascript">
<!--
function flip(e) {
  current = e.style.display;
  if (current == 'block') {
    e.style.display = 'none';
    return 0;
  }
  else {
    e.style.display = 'block';
    return 1;
  }
}

function toggleBox(szDivId, elem, msg1, msg2)
{
  var res = -1;  if (document.getElementById) {
    res = flip(document.getElementById(szDivId));
  }
  else if (document.all) {
    // this is the way old msie versions work
    res = flip(document.all[szDivId]);
  }
  if(elem) {
    if(res == 0) elem.innerHTML = msg1; else elem.innerHTML = msg2;
  }

}

function toggleAllBoxes() {
  if (document.getElementsByTagName) {
    d = document.getElementsByTagName('div');
    for (i = 0; i < d.length; i++) {
      if (d[i].className == 'log') {
        flip(d[i]);
      }
    }
  }
}

// -->
</script>

</head>
<body>
<h2 align='center'>AnchorsTest</h2><table border='1' align="center">
<tr>
<td>Tests passed/Failed/Skipped:</td><td>8/6/0</td>
</tr><tr>
<td>Started on:</td><td>Fri Sep 27 17:26:55 IST 2019</td>
</tr>
<tr><td>Total time:</td><td>32 seconds (32152 ms)</td>
</tr><tr>
<td>Included groups:</td><td></td>
</tr><tr>
<td>Excluded groups:</td><td></td>
</tr>
</table><p/>
<small><i>(Hover the method name to see the test class name)</i></small><p/>
<table width='100%' border='1' class='invocation-failed'>
<tr><td colspan='4' align='center'><b>FAILED TESTS</b></td></tr>
<tr><td><b>Test method</b></td>
<td width="30%"><b>Exception</b></td>
<td width="10%"><b>Time (seconds)</b></td>
<td><b>Instance</b></td>
</tr>
<tr>
<td title='com.atmecs.testScripts.ValidateAnchors.isDigitalLifeAnchorPresent()'><b>isDigitalLifeAnchorPresent</b><br>Test class: com.atmecs.testScripts.ValidateAnchors<br>Parameters: Artificial Intelligence / Machine Learning</td>
<td><div><pre>java.lang.AssertionError: footer is not present expected [Artificial Intelligence / Machine Learning] but found []
	at com.atmecs.pages.HomePage.ValidateAnchors(HomePage.java:48)
	at com.atmecs.testScripts.ValidateAnchors.isDigitalLifeAnchorPresent(ValidateAnchors.java:32)
... Removed 30 stack frames</pre></div><a href='#' onClick='toggleBox("stack-trace2130520253", this, "Click to show all stack frames", "Click to hide stack frames")'>Click to show all stack frames</a>
<div class='stack-trace' id='stack-trace2130520253'><pre>java.lang.AssertionError: footer is not present expected [Artificial Intelligence / Machine Learning] but found []
	at org.testng.Assert.fail(Assert.java:96)
	at org.testng.Assert.failNotEquals(Assert.java:776)
	at org.testng.Assert.assertEqualsImpl(Assert.java:137)
	at org.testng.Assert.assertEquals(Assert.java:118)
	at org.testng.Assert.assertEquals(Assert.java:453)
	at com.atmecs.pages.HomePage.ValidateAnchors(HomePage.java:48)
	at com.atmecs.testScripts.ValidateAnchors.isDigitalLifeAnchorPresent(ValidateAnchors.java:32)
	at java.base/jdk.internal.reflect.NativeMethodAccessorImpl.invoke0(Native Method)
	at java.base/jdk.internal.reflect.NativeMethodAccessorImpl.invoke(NativeMethodAccessorImpl.java:62)
	at java.base/jdk.internal.reflect.DelegatingMethodAccessorImpl.invoke(DelegatingMethodAccessorImpl.java:43)
	at java.base/java.lang.reflect.Method.invoke(Method.java:567)
	at org.testng.internal.MethodInvocationHelper.invokeMethod(MethodInvocationHelper.java:124)
	at org.testng.internal.Invoker.invokeMethod(Invoker.java:583)
	at org.testng.internal.Invoker.invokeTestMethod(Invoker.java:719)
	at org.testng.internal.Invoker.invokeTestMethods(Invoker.java:989)
	at org.testng.internal.TestMethodWorker.invokeTestMethods(TestMethodWorker.java:125)
	at org.testng.internal.TestMethodWorker.run(TestMethodWorker.java:109)
	at org.testng.TestRunner.privateRun(TestRunner.java:648)
	at org.testng.TestRunner.run(TestRunner.java:505)
	at org.testng.SuiteRunner.runTest(SuiteRunner.java:455)
	at org.testng.SuiteRunner.runSequentially(SuiteRunner.java:450)
	at org.testng.SuiteRunner.privateRun(SuiteRunner.java:415)
	at org.testng.SuiteRunner.run(SuiteRunner.java:364)
	at org.testng.SuiteRunnerWorker.runSuite(SuiteRunnerWorker.java:52)
	at org.testng.SuiteRunnerWorker.run(SuiteRunnerWorker.java:84)
	at org.testng.TestNG.runSuitesSequentially(TestNG.java:1208)
	at org.testng.TestNG.runSuitesLocally(TestNG.java:1137)
	at org.testng.TestNG.runSuites(TestNG.java:1049)
	at org.testng.TestNG.run(TestNG.java:1017)
	at org.testng.remote.AbstractRemoteTestNG.run(AbstractRemoteTestNG.java:115)
	at org.testng.remote.RemoteTestNG.initAndRun(RemoteTestNG.java:251)
	at org.testng.remote.RemoteTestNG.main(RemoteTestNG.java:77)
</pre></div></td>
<td>0</td>
<td>com.atmecs.testScripts.ValidateAnchors@2ddc8ecb</td></tr>
<tr>
<td title='com.atmecs.testScripts.ValidateAnchors.isInfrastructureAnchorPresent()'><b>isInfrastructureAnchorPresent</b><br>Test class: com.atmecs.testScripts.ValidateAnchors<br>Parameters: Infrastructure Management</td>
<td><div><pre>java.lang.AssertionError: footer is not present expected [Infrastructure Management] but found []
	at com.atmecs.pages.HomePage.ValidateAnchors(HomePage.java:48)
	at com.atmecs.testScripts.ValidateAnchors.isInfrastructureAnchorPresent(ValidateAnchors.java:38)
... Removed 30 stack frames</pre></div><a href='#' onClick='toggleBox("stack-trace1860060918", this, "Click to show all stack frames", "Click to hide stack frames")'>Click to show all stack frames</a>
<div class='stack-trace' id='stack-trace1860060918'><pre>java.lang.AssertionError: footer is not present expected [Infrastructure Management] but found []
	at org.testng.Assert.fail(Assert.java:96)
	at org.testng.Assert.failNotEquals(Assert.java:776)
	at org.testng.Assert.assertEqualsImpl(Assert.java:137)
	at org.testng.Assert.assertEquals(Assert.java:118)
	at org.testng.Assert.assertEquals(Assert.java:453)
	at com.atmecs.pages.HomePage.ValidateAnchors(HomePage.java:48)
	at com.atmecs.testScripts.ValidateAnchors.isInfrastructureAnchorPresent(ValidateAnchors.java:38)
	at java.base/jdk.internal.reflect.NativeMethodAccessorImpl.invoke0(Native Method)
	at java.base/jdk.internal.reflect.NativeMethodAccessorImpl.invoke(NativeMethodAccessorImpl.java:62)
	at java.base/jdk.internal.reflect.DelegatingMethodAccessorImpl.invoke(DelegatingMethodAccessorImpl.java:43)
	at java.base/java.lang.reflect.Method.invoke(Method.java:567)
	at org.testng.internal.MethodInvocationHelper.invokeMethod(MethodInvocationHelper.java:124)
	at org.testng.internal.Invoker.invokeMethod(Invoker.java:583)
	at org.testng.internal.Invoker.invokeTestMethod(Invoker.java:719)
	at org.testng.internal.Invoker.invokeTestMethods(Invoker.java:989)
	at org.testng.internal.TestMethodWorker.invokeTestMethods(TestMethodWorker.java:125)
	at org.testng.internal.TestMethodWorker.run(TestMethodWorker.java:109)
	at org.testng.TestRunner.privateRun(TestRunner.java:648)
	at org.testng.TestRunner.run(TestRunner.java:505)
	at org.testng.SuiteRunner.runTest(SuiteRunner.java:455)
	at org.testng.SuiteRunner.runSequentially(SuiteRunner.java:450)
	at org.testng.SuiteRunner.privateRun(SuiteRunner.java:415)
	at org.testng.SuiteRunner.run(SuiteRunner.java:364)
	at org.testng.SuiteRunnerWorker.runSuite(SuiteRunnerWorker.java:52)
	at org.testng.SuiteRunnerWorker.run(SuiteRunnerWorker.java:84)
	at org.testng.TestNG.runSuitesSequentially(TestNG.java:1208)
	at org.testng.TestNG.runSuitesLocally(TestNG.java:1137)
	at org.testng.TestNG.runSuites(TestNG.java:1049)
	at org.testng.TestNG.run(TestNG.java:1017)
	at org.testng.remote.AbstractRemoteTestNG.run(AbstractRemoteTestNG.java:115)
	at org.testng.remote.RemoteTestNG.initAndRun(RemoteTestNG.java:251)
	at org.testng.remote.RemoteTestNG.main(RemoteTestNG.java:77)
</pre></div></td>
<td>0</td>
<td>com.atmecs.testScripts.ValidateAnchors@2ddc8ecb</td></tr>
<tr>
<td title='com.atmecs.testScripts.ValidateAnchors.isInfrastructureAnchorPresent()'><b>isInfrastructureAnchorPresent</b><br>Test class: com.atmecs.testScripts.ValidateAnchors<br>Parameters: Cloud Infrastructure</td>
<td><div><pre>java.lang.AssertionError: footer is not present expected [Cloud Infrastructure] but found []
	at com.atmecs.pages.HomePage.ValidateAnchors(HomePage.java:48)
	at com.atmecs.testScripts.ValidateAnchors.isInfrastructureAnchorPresent(ValidateAnchors.java:38)
... Removed 30 stack frames</pre></div><a href='#' onClick='toggleBox("stack-trace1830669823", this, "Click to show all stack frames", "Click to hide stack frames")'>Click to show all stack frames</a>
<div class='stack-trace' id='stack-trace1830669823'><pre>java.lang.AssertionError: footer is not present expected [Cloud Infrastructure] but found []
	at org.testng.Assert.fail(Assert.java:96)
	at org.testng.Assert.failNotEquals(Assert.java:776)
	at org.testng.Assert.assertEqualsImpl(Assert.java:137)
	at org.testng.Assert.assertEquals(Assert.java:118)
	at org.testng.Assert.assertEquals(Assert.java:453)
	at com.atmecs.pages.HomePage.ValidateAnchors(HomePage.java:48)
	at com.atmecs.testScripts.ValidateAnchors.isInfrastructureAnchorPresent(ValidateAnchors.java:38)
	at java.base/jdk.internal.reflect.NativeMethodAccessorImpl.invoke0(Native Method)
	at java.base/jdk.internal.reflect.NativeMethodAccessorImpl.invoke(NativeMethodAccessorImpl.java:62)
	at java.base/jdk.internal.reflect.DelegatingMethodAccessorImpl.invoke(DelegatingMethodAccessorImpl.java:43)
	at java.base/java.lang.reflect.Method.invoke(Method.java:567)
	at org.testng.internal.MethodInvocationHelper.invokeMethod(MethodInvocationHelper.java:124)
	at org.testng.internal.Invoker.invokeMethod(Invoker.java:583)
	at org.testng.internal.Invoker.invokeTestMethod(Invoker.java:719)
	at org.testng.internal.Invoker.invokeTestMethods(Invoker.java:989)
	at org.testng.internal.TestMethodWorker.invokeTestMethods(TestMethodWorker.java:125)
	at org.testng.internal.TestMethodWorker.run(TestMethodWorker.java:109)
	at org.testng.TestRunner.privateRun(TestRunner.java:648)
	at org.testng.TestRunner.run(TestRunner.java:505)
	at org.testng.SuiteRunner.runTest(SuiteRunner.java:455)
	at org.testng.SuiteRunner.runSequentially(SuiteRunner.java:450)
	at org.testng.SuiteRunner.privateRun(SuiteRunner.java:415)
	at org.testng.SuiteRunner.run(SuiteRunner.java:364)
	at org.testng.SuiteRunnerWorker.runSuite(SuiteRunnerWorker.java:52)
	at org.testng.SuiteRunnerWorker.run(SuiteRunnerWorker.java:84)
	at org.testng.TestNG.runSuitesSequentially(TestNG.java:1208)
	at org.testng.TestNG.runSuitesLocally(TestNG.java:1137)
	at org.testng.TestNG.runSuites(TestNG.java:1049)
	at org.testng.TestNG.run(TestNG.java:1017)
	at org.testng.remote.AbstractRemoteTestNG.run(AbstractRemoteTestNG.java:115)
	at org.testng.remote.RemoteTestNG.initAndRun(RemoteTestNG.java:251)
	at org.testng.remote.RemoteTestNG.main(RemoteTestNG.java:77)
</pre></div></td>
<td>0</td>
<td>com.atmecs.testScripts.ValidateAnchors@2ddc8ecb</td></tr>
<tr>
<td title='com.atmecs.testScripts.ValidateAnchors.isInfrastructureAnchorPresent()'><b>isInfrastructureAnchorPresent</b><br>Test class: com.atmecs.testScripts.ValidateAnchors<br>Parameters: Devops</td>
<td><div><pre>java.lang.AssertionError: footer is not present expected [Devops] but found []
	at com.atmecs.pages.HomePage.ValidateAnchors(HomePage.java:48)
	at com.atmecs.testScripts.ValidateAnchors.isInfrastructureAnchorPresent(ValidateAnchors.java:38)
... Removed 30 stack frames</pre></div><a href='#' onClick='toggleBox("stack-trace566042862", this, "Click to show all stack frames", "Click to hide stack frames")'>Click to show all stack frames</a>
<div class='stack-trace' id='stack-trace566042862'><pre>java.lang.AssertionError: footer is not present expected [Devops] but found []
	at org.testng.Assert.fail(Assert.java:96)
	at org.testng.Assert.failNotEquals(Assert.java:776)
	at org.testng.Assert.assertEqualsImpl(Assert.java:137)
	at org.testng.Assert.assertEquals(Assert.java:118)
	at org.testng.Assert.assertEquals(Assert.java:453)
	at com.atmecs.pages.HomePage.ValidateAnchors(HomePage.java:48)
	at com.atmecs.testScripts.ValidateAnchors.isInfrastructureAnchorPresent(ValidateAnchors.java:38)
	at java.base/jdk.internal.reflect.NativeMethodAccessorImpl.invoke0(Native Method)
	at java.base/jdk.internal.reflect.NativeMethodAccessorImpl.invoke(NativeMethodAccessorImpl.java:62)
	at java.base/jdk.internal.reflect.DelegatingMethodAccessorImpl.invoke(DelegatingMethodAccessorImpl.java:43)
	at java.base/java.lang.reflect.Method.invoke(Method.java:567)
	at org.testng.internal.MethodInvocationHelper.invokeMethod(MethodInvocationHelper.java:124)
	at org.testng.internal.Invoker.invokeMethod(Invoker.java:583)
	at org.testng.internal.Invoker.invokeTestMethod(Invoker.java:719)
	at org.testng.internal.Invoker.invokeTestMethods(Invoker.java:989)
	at org.testng.internal.TestMethodWorker.invokeTestMethods(TestMethodWorker.java:125)
	at org.testng.internal.TestMethodWorker.run(TestMethodWorker.java:109)
	at org.testng.TestRunner.privateRun(TestRunner.java:648)
	at org.testng.TestRunner.run(TestRunner.java:505)
	at org.testng.SuiteRunner.runTest(SuiteRunner.java:455)
	at org.testng.SuiteRunner.runSequentially(SuiteRunner.java:450)
	at org.testng.SuiteRunner.privateRun(SuiteRunner.java:415)
	at org.testng.SuiteRunner.run(SuiteRunner.java:364)
	at org.testng.SuiteRunnerWorker.runSuite(SuiteRunnerWorker.java:52)
	at org.testng.SuiteRunnerWorker.run(SuiteRunnerWorker.java:84)
	at org.testng.TestNG.runSuitesSequentially(TestNG.java:1208)
	at org.testng.TestNG.runSuitesLocally(TestNG.java:1137)
	at org.testng.TestNG.runSuites(TestNG.java:1049)
	at org.testng.TestNG.run(TestNG.java:1017)
	at org.testng.remote.AbstractRemoteTestNG.run(AbstractRemoteTestNG.java:115)
	at org.testng.remote.RemoteTestNG.initAndRun(RemoteTestNG.java:251)
	at org.testng.remote.RemoteTestNG.main(RemoteTestNG.java:77)
</pre></div></td>
<td>0</td>
<td>com.atmecs.testScripts.ValidateAnchors@2ddc8ecb</td></tr>
<tr>
<td title='com.atmecs.testScripts.ValidateAnchors.isInfrastructureAnchorPresent()'><b>isInfrastructureAnchorPresent</b><br>Test class: com.atmecs.testScripts.ValidateAnchors<br>Parameters: NOC Services</td>
<td><div><pre>java.lang.AssertionError: footer is not present expected [NOC Services] but found []
	at com.atmecs.pages.HomePage.ValidateAnchors(HomePage.java:48)
	at com.atmecs.testScripts.ValidateAnchors.isInfrastructureAnchorPresent(ValidateAnchors.java:38)
... Removed 30 stack frames</pre></div><a href='#' onClick='toggleBox("stack-trace1576499395", this, "Click to show all stack frames", "Click to hide stack frames")'>Click to show all stack frames</a>
<div class='stack-trace' id='stack-trace1576499395'><pre>java.lang.AssertionError: footer is not present expected [NOC Services] but found []
	at org.testng.Assert.fail(Assert.java:96)
	at org.testng.Assert.failNotEquals(Assert.java:776)
	at org.testng.Assert.assertEqualsImpl(Assert.java:137)
	at org.testng.Assert.assertEquals(Assert.java:118)
	at org.testng.Assert.assertEquals(Assert.java:453)
	at com.atmecs.pages.HomePage.ValidateAnchors(HomePage.java:48)
	at com.atmecs.testScripts.ValidateAnchors.isInfrastructureAnchorPresent(ValidateAnchors.java:38)
	at java.base/jdk.internal.reflect.NativeMethodAccessorImpl.invoke0(Native Method)
	at java.base/jdk.internal.reflect.NativeMethodAccessorImpl.invoke(NativeMethodAccessorImpl.java:62)
	at java.base/jdk.internal.reflect.DelegatingMethodAccessorImpl.invoke(DelegatingMethodAccessorImpl.java:43)
	at java.base/java.lang.reflect.Method.invoke(Method.java:567)
	at org.testng.internal.MethodInvocationHelper.invokeMethod(MethodInvocationHelper.java:124)
	at org.testng.internal.Invoker.invokeMethod(Invoker.java:583)
	at org.testng.internal.Invoker.invokeTestMethod(Invoker.java:719)
	at org.testng.internal.Invoker.invokeTestMethods(Invoker.java:989)
	at org.testng.internal.TestMethodWorker.invokeTestMethods(TestMethodWorker.java:125)
	at org.testng.internal.TestMethodWorker.run(TestMethodWorker.java:109)
	at org.testng.TestRunner.privateRun(TestRunner.java:648)
	at org.testng.TestRunner.run(TestRunner.java:505)
	at org.testng.SuiteRunner.runTest(SuiteRunner.java:455)
	at org.testng.SuiteRunner.runSequentially(SuiteRunner.java:450)
	at org.testng.SuiteRunner.privateRun(SuiteRunner.java:415)
	at org.testng.SuiteRunner.run(SuiteRunner.java:364)
	at org.testng.SuiteRunnerWorker.runSuite(SuiteRunnerWorker.java:52)
	at org.testng.SuiteRunnerWorker.run(SuiteRunnerWorker.java:84)
	at org.testng.TestNG.runSuitesSequentially(TestNG.java:1208)
	at org.testng.TestNG.runSuitesLocally(TestNG.java:1137)
	at org.testng.TestNG.runSuites(TestNG.java:1049)
	at org.testng.TestNG.run(TestNG.java:1017)
	at org.testng.remote.AbstractRemoteTestNG.run(AbstractRemoteTestNG.java:115)
	at org.testng.remote.RemoteTestNG.initAndRun(RemoteTestNG.java:251)
	at org.testng.remote.RemoteTestNG.main(RemoteTestNG.java:77)
</pre></div></td>
<td>0</td>
<td>com.atmecs.testScripts.ValidateAnchors@2ddc8ecb</td></tr>
<tr>
<td title='com.atmecs.testScripts.ValidateAnchors.isInfrastructureAnchorPresent()'><b>isInfrastructureAnchorPresent</b><br>Test class: com.atmecs.testScripts.ValidateAnchors<br>Parameters: Data Center Management</td>
<td><div><pre>java.lang.AssertionError: footer is not present expected [Data Center Management] but found []
	at com.atmecs.pages.HomePage.ValidateAnchors(HomePage.java:48)
	at com.atmecs.testScripts.ValidateAnchors.isInfrastructureAnchorPresent(ValidateAnchors.java:38)
... Removed 30 stack frames</pre></div><a href='#' onClick='toggleBox("stack-trace1842463725", this, "Click to show all stack frames", "Click to hide stack frames")'>Click to show all stack frames</a>
<div class='stack-trace' id='stack-trace1842463725'><pre>java.lang.AssertionError: footer is not present expected [Data Center Management] but found []
	at org.testng.Assert.fail(Assert.java:96)
	at org.testng.Assert.failNotEquals(Assert.java:776)
	at org.testng.Assert.assertEqualsImpl(Assert.java:137)
	at org.testng.Assert.assertEquals(Assert.java:118)
	at org.testng.Assert.assertEquals(Assert.java:453)
	at com.atmecs.pages.HomePage.ValidateAnchors(HomePage.java:48)
	at com.atmecs.testScripts.ValidateAnchors.isInfrastructureAnchorPresent(ValidateAnchors.java:38)
	at java.base/jdk.internal.reflect.NativeMethodAccessorImpl.invoke0(Native Method)
	at java.base/jdk.internal.reflect.NativeMethodAccessorImpl.invoke(NativeMethodAccessorImpl.java:62)
	at java.base/jdk.internal.reflect.DelegatingMethodAccessorImpl.invoke(DelegatingMethodAccessorImpl.java:43)
	at java.base/java.lang.reflect.Method.invoke(Method.java:567)
	at org.testng.internal.MethodInvocationHelper.invokeMethod(MethodInvocationHelper.java:124)
	at org.testng.internal.Invoker.invokeMethod(Invoker.java:583)
	at org.testng.internal.Invoker.invokeTestMethod(Invoker.java:719)
	at org.testng.internal.Invoker.invokeTestMethods(Invoker.java:989)
	at org.testng.internal.TestMethodWorker.invokeTestMethods(TestMethodWorker.java:125)
	at org.testng.internal.TestMethodWorker.run(TestMethodWorker.java:109)
	at org.testng.TestRunner.privateRun(TestRunner.java:648)
	at org.testng.TestRunner.run(TestRunner.java:505)
	at org.testng.SuiteRunner.runTest(SuiteRunner.java:455)
	at org.testng.SuiteRunner.runSequentially(SuiteRunner.java:450)
	at org.testng.SuiteRunner.privateRun(SuiteRunner.java:415)
	at org.testng.SuiteRunner.run(SuiteRunner.java:364)
	at org.testng.SuiteRunnerWorker.runSuite(SuiteRunnerWorker.java:52)
	at org.testng.SuiteRunnerWorker.run(SuiteRunnerWorker.java:84)
	at org.testng.TestNG.runSuitesSequentially(TestNG.java:1208)
	at org.testng.TestNG.runSuitesLocally(TestNG.java:1137)
	at org.testng.TestNG.runSuites(TestNG.java:1049)
	at org.testng.TestNG.run(TestNG.java:1017)
	at org.testng.remote.AbstractRemoteTestNG.run(AbstractRemoteTestNG.java:115)
	at org.testng.remote.RemoteTestNG.initAndRun(RemoteTestNG.java:251)
	at org.testng.remote.RemoteTestNG.main(RemoteTestNG.java:77)
</pre></div></td>
<td>0</td>
<td>com.atmecs.testScripts.ValidateAnchors@2ddc8ecb</td></tr>
</table><p>
<table width='100%' border='1' class='invocation-passed'>
<tr><td colspan='4' align='center'><b>PASSED TESTS</b></td></tr>
<tr><td><b>Test method</b></td>
<td width="30%"><b>Exception</b></td>
<td width="10%"><b>Time (seconds)</b></td>
<td><b>Instance</b></td>
</tr>
<tr>
<td title='com.atmecs.testScripts.ValidateAnchors.isDigitalLifeAnchorPresent()'><b>isDigitalLifeAnchorPresent</b><br>Test class: com.atmecs.testScripts.ValidateAnchors<br>Parameters: Augmented Reality / Virtual Reality</td>
<td></td>
<td>0</td>
<td>com.atmecs.testScripts.ValidateAnchors@2ddc8ecb</td></tr>
<tr>
<td title='com.atmecs.testScripts.ValidateAnchors.isDigitalLifeAnchorPresent()'><b>isDigitalLifeAnchorPresent</b><br>Test class: com.atmecs.testScripts.ValidateAnchors<br>Parameters: Internet of Things</td>
<td></td>
<td>0</td>
<td>com.atmecs.testScripts.ValidateAnchors@2ddc8ecb</td></tr>
<tr>
<td title='com.atmecs.testScripts.ValidateAnchors.isDigitalLifeAnchorPresent()'><b>isDigitalLifeAnchorPresent</b><br>Test class: com.atmecs.testScripts.ValidateAnchors<br>Parameters: Blockchain</td>
<td></td>
<td>0</td>
<td>com.atmecs.testScripts.ValidateAnchors@2ddc8ecb</td></tr>
<tr>
<td title='com.atmecs.testScripts.ValidateAnchors.isDigitalLifeAnchorPresent()'><b>isDigitalLifeAnchorPresent</b><br>Test class: com.atmecs.testScripts.ValidateAnchors<br>Parameters: Robotic Process Automation & ChatBOTs</td>
<td></td>
<td>0</td>
<td>com.atmecs.testScripts.ValidateAnchors@2ddc8ecb</td></tr>
<tr>
<td title='com.atmecs.testScripts.ValidateAnchors.isDigitalLifeAnchorPresent()'><b>isDigitalLifeAnchorPresent</b><br>Test class: com.atmecs.testScripts.ValidateAnchors<br>Parameters: null</td>
<td></td>
<td>0</td>
<td>com.atmecs.testScripts.ValidateAnchors@2ddc8ecb</td></tr>
<tr>
<td title='com.atmecs.testScripts.ValidateAnchors.isInfrastructureAnchorPresent()'><b>isInfrastructureAnchorPresent</b><br>Test class: com.atmecs.testScripts.ValidateAnchors<br>Parameters: null</td>
<td></td>
<td>0</td>
<td>com.atmecs.testScripts.ValidateAnchors@2ddc8ecb</td></tr>
<tr>
<td title='com.atmecs.testScripts.ValidateAnchors.moveToDigitalLife()'><b>moveToDigitalLife</b><br>Test class: com.atmecs.testScripts.ValidateAnchors</td>
<td></td>
<td>4</td>
<td>com.atmecs.testScripts.ValidateAnchors@2ddc8ecb</td></tr>
<tr>
<td title='com.atmecs.testScripts.ValidateAnchors.moveToInfrastructure()'><b>moveToInfrastructure</b><br>Test class: com.atmecs.testScripts.ValidateAnchors</td>
<td></td>
<td>4</td>
<td>com.atmecs.testScripts.ValidateAnchors@2ddc8ecb</td></tr>
</table><p>
</body>
</html>